<?xml version="1.0" encoding="UTF-8"?>
<!-- Generated by org.testng.reporters.JUnitReportReporter -->
<testsuite hostname="94ZQ7BS" name="Application_HomePage_TestCases.TC_01_Verify_Logo_On_Application_Home_Page" tests="1" failures="0" timestamp="10 Nov 2017 06:56:30 GMT" time="44.216" errors="0">
  <testcase name="TC_01_Verify_HomePage_Logo" time="44.216" classname="Application_HomePage_TestCases.TC_01_Verify_Logo_On_Application_Home_Page"/>
</testsuite> <!-- Application_HomePage_TestCases.TC_01_Verify_Logo_On_Application_Home_Page -->
