<?xml version="1.0" encoding="UTF-8"?>
<!-- Generated by org.testng.reporters.JUnitReportReporter -->
<testsuite hostname="94ZQ7BS" name="Leave_Application_TestCases.TC_01_Verify_Self_Leave_View" tests="1" failures="1" timestamp="10 Nov 2017 06:56:30 GMT" time="0.000" errors="0">
  <testcase name="TC_01_Verify_Application_View_Self_Details" time="0.000" classname="Leave_Application_TestCases.TC_01_Verify_Self_Leave_View"/>
</testsuite> <!-- Leave_Application_TestCases.TC_01_Verify_Self_Leave_View -->
